Started GET "/" for 127.0.0.1 at 2019-02-09 10:20:36 +0200
Processing by HomeController#index as HTML
  Rendering home/index.html.erb within layouts/application
  Rendered home/index.html.erb within layouts/application (9957.2ms)
  Rendered layouts/_footer.html.erb (0.5ms)
Completed 200 OK in 10266ms (Views: 10078.3ms)


Started GET "/" for 127.0.0.1 at 2019-02-09 10:45:07 +0200
Processing by HomeController#index as HTML
  Rendering home/index.html.erb within layouts/application
  Rendered home/index.html.erb within layouts/application (6.2ms)
  Rendered layouts/_footer.html.erb (0.7ms)
Completed 200 OK in 5222ms (Views: 5220.7ms)


Started GET "/" for 127.0.0.1 at 2019-02-09 10:46:09 +0200
Processing by HomeController#index as HTML
  Rendering home/index.html.erb within layouts/application
  Rendered home/index.html.erb within layouts/application (4.3ms)
  Rendered layouts/_footer.html.erb (0.4ms)
Completed 200 OK in 4898ms (Views: 4896.5ms)


Started GET "/" for 127.0.0.1 at 2019-02-09 10:47:14 +0200
Processing by HomeController#index as HTML
  Rendering home/index.html.erb within layouts/application
  Rendered home/index.html.erb within layouts/application (4.3ms)
  Rendered layouts/_footer.html.erb (0.4ms)
Completed 200 OK in 62ms (Views: 60.7ms)


Started GET "/" for 127.0.0.1 at 2019-02-09 10:54:49 +0200
Processing by HomeController#index as HTML
  Rendering home/index.html.erb within layouts/application
  Rendered home/index.html.erb within layouts/application (4.5ms)
  Rendered layouts/_footer.html.erb (0.4ms)
Completed 200 OK in 68ms (Views: 66.6ms)


Started GET "/" for 127.0.0.1 at 2019-02-09 10:55:34 +0200
Processing by HomeController#index as HTML
  Rendering home/index.html.erb within layouts/application
  Rendered home/index.html.erb within layouts/application (5.1ms)
  Rendered layouts/_footer.html.erb (0.5ms)
Completed 200 OK in 70ms (Views: 68.7ms)


Started GET "/" for 127.0.0.1 at 2019-02-09 10:56:49 +0200
Processing by HomeController#index as HTML
  Rendering home/index.html.erb within layouts/application
  Rendered home/index.html.erb within layouts/application (5.3ms)
  Rendered layouts/_footer.html.erb (0.4ms)
Completed 200 OK in 65ms (Views: 63.9ms)


Started GET "/" for 127.0.0.1 at 2019-02-09 10:57:17 +0200
Processing by HomeController#index as HTML
  Rendering home/index.html.erb within layouts/application
  Rendered home/index.html.erb within layouts/application (6582.7ms)
  Rendered layouts/_footer.html.erb (0.4ms)
Completed 200 OK in 6903ms (Views: 6710.0ms)


Started GET "/" for 127.0.0.1 at 2019-02-09 10:59:48 +0200
Processing by HomeController#index as HTML
  Rendering home/index.html.erb within layouts/application
  Rendered home/index.html.erb within layouts/application (7.2ms)
  Rendered layouts/_footer.html.erb (0.4ms)
Completed 200 OK in 68ms (Views: 66.9ms)


Started GET "/" for 127.0.0.1 at 2019-02-09 11:00:00 +0200
Processing by HomeController#index as HTML
  Rendering home/index.html.erb within layouts/application
  Rendered home/index.html.erb within layouts/application (6.0ms)
  Rendered layouts/_footer.html.erb (0.4ms)
Completed 200 OK in 62ms (Views: 61.1ms)


Started GET "/" for 127.0.0.1 at 2019-02-09 11:02:01 +0200
Processing by HomeController#index as HTML
  Rendering home/index.html.erb within layouts/application
  Rendered home/index.html.erb within layouts/application (4.9ms)
  Rendered layouts/_footer.html.erb (0.4ms)
Completed 200 OK in 66ms (Views: 64.7ms)


Started GET "/" for 127.0.0.1 at 2019-02-09 11:02:12 +0200
Processing by HomeController#index as HTML
  Rendering home/index.html.erb within layouts/application
  Rendered home/index.html.erb within layouts/application (4.0ms)
  Rendered layouts/_footer.html.erb (0.7ms)
Completed 200 OK in 62ms (Views: 61.4ms)


Started GET "/" for 127.0.0.1 at 2019-02-09 11:02:28 +0200
Processing by HomeController#index as HTML
  Rendering home/index.html.erb within layouts/application
  Rendered home/index.html.erb within layouts/application (5.0ms)
  Rendered layouts/_footer.html.erb (0.4ms)
Completed 200 OK in 64ms (Views: 62.3ms)


Started GET "/" for 127.0.0.1 at 2019-02-09 11:06:39 +0200
Processing by HomeController#index as HTML
  Rendering home/index.html.erb within layouts/application
  Rendered home/index.html.erb within layouts/application (4.5ms)
  Rendered layouts/_footer.html.erb (0.4ms)
Completed 200 OK in 4792ms (Views: 4791.3ms)


Started GET "/" for 127.0.0.1 at 2019-02-09 11:10:24 +0200
Processing by HomeController#index as HTML
  Rendering home/index.html.erb within layouts/application
  Rendered home/index.html.erb within layouts/application (5.8ms)
  Rendered layouts/_footer.html.erb (0.5ms)
Completed 200 OK in 106ms (Views: 104.6ms)


Started GET "/" for 127.0.0.1 at 2019-02-09 11:11:47 +0200
Processing by HomeController#index as HTML
  Rendering home/index.html.erb within layouts/application
  Rendered home/index.html.erb within layouts/application (4.9ms)
  Rendered layouts/_footer.html.erb (0.6ms)
Completed 200 OK in 75ms (Views: 74.1ms)


Started GET "/" for 127.0.0.1 at 2019-02-09 11:56:50 +0200
Processing by HomeController#index as HTML
  Rendering home/index.html.erb within layouts/application
  Rendered home/index.html.erb within layouts/application (7.1ms)
  Rendered layouts/_footer.html.erb (0.8ms)
Completed 200 OK in 4786ms (Views: 4785.3ms)


Started GET "/" for 127.0.0.1 at 2019-02-09 12:20:14 +0200
Processing by HomeController#index as HTML
  Rendering home/index.html.erb within layouts/application
  Rendered home/index.html.erb within layouts/application (5.6ms)
  Rendered layouts/_footer.html.erb (0.4ms)
Completed 200 OK in 59ms (Views: 58.1ms)


Started GET "/" for 127.0.0.1 at 2019-02-09 12:21:13 +0200
Processing by HomeController#index as HTML
  Rendering home/index.html.erb within layouts/application
  Rendered home/index.html.erb within layouts/application (5.4ms)
  Rendered layouts/_footer.html.erb (0.7ms)
Completed 200 OK in 64ms (Views: 62.2ms)


Started GET "/" for 127.0.0.1 at 2019-02-09 12:31:01 +0200
Processing by HomeController#index as HTML
  Rendering home/index.html.erb within layouts/application
  Rendered home/index.html.erb within layouts/application (4.3ms)
  Rendered layouts/_footer.html.erb (0.4ms)
Completed 200 OK in 59ms (Views: 57.4ms)


Started GET "/" for 127.0.0.1 at 2019-02-09 12:32:23 +0200
Processing by HomeController#index as HTML
  Rendering home/index.html.erb within layouts/application
  Rendered home/index.html.erb within layouts/application (3.9ms)
  Rendered layouts/_footer.html.erb (0.8ms)
Completed 200 OK in 97ms (Views: 96.5ms)


Started GET "/" for 127.0.0.1 at 2019-02-09 12:38:51 +0200
Processing by HomeController#index as HTML
  Rendering home/index.html.erb within layouts/application
  Rendered home/index.html.erb within layouts/application (6.8ms)
  Rendered layouts/_footer.html.erb (0.6ms)
Completed 200 OK in 69ms (Views: 67.4ms)


Started GET "/" for 127.0.0.1 at 2019-02-09 12:39:56 +0200
Processing by HomeController#index as HTML
  Rendering home/index.html.erb within layouts/application
  Rendered home/index.html.erb within layouts/application (6.6ms)
  Rendered layouts/_footer.html.erb (1.0ms)
Completed 200 OK in 69ms (Views: 67.2ms)


Started GET "/" for 127.0.0.1 at 2019-02-09 12:40:11 +0200
Processing by HomeController#index as HTML
  Rendering home/index.html.erb within layouts/application
  Rendered home/index.html.erb within layouts/application (5.0ms)
  Rendered layouts/_footer.html.erb (0.8ms)
Completed 200 OK in 66ms (Views: 64.7ms)


  
ActionController::RoutingError (No route matches [GET] "/assets/style.css.map"):
  
actionpack (5.1.5) lib/action_dispatch/middleware/debug_exceptions.rb:63:in `call'
web-console (3.5.1) lib/web_console/middleware.rb:135:in `call_app'
web-console (3.5.1) lib/web_console/middleware.rb:28:in `block in call'
web-console (3.5.1) lib/web_console/middleware.rb:18:in `catch'
web-console (3.5.1) lib/web_console/middleware.rb:18:in `call'
actionpack (5.1.5) lib/action_dispatch/middleware/show_exceptions.rb:31:in `call'
railties (5.1.5) lib/rails/rack/logger.rb:36:in `call_app'
railties (5.1.5) lib/rails/rack/logger.rb:24:in `block in call'
activesupport (5.1.5) lib/active_support/tagged_logging.rb:69:in `block in tagged'
activesupport (5.1.5) lib/active_support/tagged_logging.rb:26:in `tagged'
activesupport (5.1.5) lib/active_support/tagged_logging.rb:69:in `tagged'
railties (5.1.5) lib/rails/rack/logger.rb:24:in `call'
sprockets-rails (3.2.1) lib/sprockets/rails/quiet_assets.rb:11:in `block in call'
activesupport (5.1.5) lib/active_support/logger_silence.rb:20:in `silence'
activesupport (5.1.5) lib/active_support/logger.rb:63:in `block (3 levels) in broadcast'
activesupport (5.1.5) lib/active_support/logger_silence.rb:20:in `silence'
activesupport (5.1.5) lib/active_support/logger.rb:61:in `block (2 levels) in broadcast'
sprockets-rails (3.2.1) lib/sprockets/rails/quiet_assets.rb:11:in `call'
actionpack (5.1.5) lib/action_dispatch/middleware/remote_ip.rb:79:in `call'
actionpack (5.1.5) lib/action_dispatch/middleware/request_id.rb:25:in `call'
rack (2.0.6) lib/rack/method_override.rb:22:in `call'
rack (2.0.6) lib/rack/runtime.rb:22:in `call'
activesupport (5.1.5) lib/active_support/cache/strategy/local_cache_middleware.rb:27:in `call'
actionpack (5.1.5) lib/action_dispatch/middleware/executor.rb:12:in `call'
actionpack (5.1.5) lib/action_dispatch/middleware/static.rb:125:in `call'
rack (2.0.6) lib/rack/sendfile.rb:111:in `call'
railties (5.1.5) lib/rails/engine.rb:522:in `call'
puma (3.11.2) lib/puma/configuration.rb:225:in `call'
puma (3.11.2) lib/puma/server.rb:624:in `handle_request'
puma (3.11.2) lib/puma/server.rb:438:in `process_client'
puma (3.11.2) lib/puma/server.rb:302:in `block in run'
puma (3.11.2) lib/puma/thread_pool.rb:120:in `block in spawn_thread'
Started GET "/" for 127.0.0.1 at 2019-02-09 12:42:52 +0200
Processing by HomeController#index as HTML
  Rendering home/index.html.erb within layouts/application
  Rendered home/index.html.erb within layouts/application (6.4ms)
  Rendered layouts/_footer.html.erb (0.6ms)
Completed 200 OK in 4800ms (Views: 4799.0ms)


Started GET "/" for 127.0.0.1 at 2019-02-09 12:43:31 +0200
Processing by HomeController#index as HTML
  Rendering home/index.html.erb within layouts/application
  Rendered home/index.html.erb within layouts/application (4.7ms)
  Rendered layouts/_footer.html.erb (0.4ms)
Completed 200 OK in 4435ms (Views: 4433.6ms)


Started GET "/" for 127.0.0.1 at 2019-02-09 13:00:16 +0200
Processing by HomeController#index as HTML
  Rendering home/index.html.erb within layouts/application
  Rendered home/index.html.erb within layouts/application (10.8ms)
  Rendered layouts/_footer.html.erb (1.0ms)
Completed 200 OK in 73ms (Views: 72.2ms)


Started GET "/" for 127.0.0.1 at 2019-02-09 13:01:28 +0200
Processing by HomeController#index as HTML
  Rendering home/index.html.erb within layouts/application
  Rendered home/index.html.erb within layouts/application (4.6ms)
  Rendered layouts/_footer.html.erb (0.7ms)
Completed 200 OK in 61ms (Views: 60.1ms)


Started GET "/" for 127.0.0.1 at 2019-02-09 13:08:29 +0200
Processing by HomeController#index as HTML
  Rendering home/index.html.erb within layouts/application
  Rendered home/index.html.erb within layouts/application (4.5ms)
  Rendered layouts/_footer.html.erb (0.4ms)
Completed 200 OK in 102ms (Views: 100.8ms)


Started GET "/" for 127.0.0.1 at 2019-02-09 13:09:08 +0200
Processing by HomeController#index as HTML
  Rendering home/index.html.erb within layouts/application
  Rendered home/index.html.erb within layouts/application (8.3ms)
  Rendered layouts/_footer.html.erb (0.4ms)
Completed 200 OK in 88ms (Views: 86.9ms)


Started GET "/" for 127.0.0.1 at 2019-02-09 13:09:57 +0200
Processing by HomeController#index as HTML
  Rendering home/index.html.erb within layouts/application
  Rendered home/index.html.erb within layouts/application (4.4ms)
  Rendered layouts/_footer.html.erb (0.5ms)
Completed 200 OK in 74ms (Views: 72.5ms)


Started GET "/" for 127.0.0.1 at 2019-02-09 13:11:49 +0200
Processing by HomeController#index as HTML
  Rendering home/index.html.erb within layouts/application
  Rendered home/index.html.erb within layouts/application (6.1ms)
  Rendered layouts/_footer.html.erb (0.5ms)
Completed 200 OK in 74ms (Views: 73.4ms)


Started GET "/" for 127.0.0.1 at 2019-02-09 13:12:47 +0200
Processing by HomeController#index as HTML
  Rendering home/index.html.erb within layouts/application
  Rendered home/index.html.erb within layouts/application (4.1ms)
  Rendered layouts/_footer.html.erb (0.5ms)
Completed 200 OK in 64ms (Views: 63.4ms)


Started GET "/" for 127.0.0.1 at 2019-02-09 13:13:15 +0200
Processing by HomeController#index as HTML
  Rendering home/index.html.erb within layouts/application
  Rendered home/index.html.erb within layouts/application (4.4ms)
  Rendered layouts/_footer.html.erb (0.4ms)
Completed 200 OK in 64ms (Views: 63.0ms)


Started GET "/" for 127.0.0.1 at 2019-02-09 13:14:18 +0200
Processing by HomeController#index as HTML
  Rendering home/index.html.erb within layouts/application
  Rendered home/index.html.erb within layouts/application (4.0ms)
  Rendered layouts/_footer.html.erb (0.4ms)
Completed 200 OK in 64ms (Views: 63.1ms)


Started GET "/" for 127.0.0.1 at 2019-02-09 13:14:28 +0200
Processing by HomeController#index as HTML
  Rendering home/index.html.erb within layouts/application
  Rendered home/index.html.erb within layouts/application (4.2ms)
  Rendered layouts/_footer.html.erb (0.7ms)
Completed 200 OK in 73ms (Views: 71.8ms)


Started GET "/" for 127.0.0.1 at 2019-02-09 14:09:54 +0200
Processing by HomeController#index as HTML
  Rendering home/index.html.erb within layouts/application
  Rendered home/index.html.erb within layouts/application (4.4ms)
  Rendered layouts/_footer.html.erb (0.4ms)
Completed 200 OK in 63ms (Views: 61.6ms)


Started GET "/" for 127.0.0.1 at 2019-02-09 14:25:11 +0200
Processing by HomeController#index as HTML
  Rendering home/index.html.erb within layouts/application
  Rendered home/index.html.erb within layouts/application (6.3ms)
  Rendered layouts/_footer.html.erb (0.4ms)
Completed 200 OK in 4012ms (Views: 4010.5ms)


Started GET "/" for 127.0.0.1 at 2019-02-09 14:26:24 +0200
Processing by HomeController#index as HTML
  Rendering home/index.html.erb within layouts/application
  Rendered home/index.html.erb within layouts/application (3.8ms)
  Rendered layouts/_footer.html.erb (0.4ms)
Completed 200 OK in 4168ms (Views: 4166.8ms)


Started GET "/" for 127.0.0.1 at 2019-02-09 14:48:10 +0200
Processing by HomeController#index as HTML
  Rendering home/index.html.erb within layouts/application
  Rendered home/index.html.erb within layouts/application (4.5ms)
  Rendered layouts/_footer.html.erb (0.4ms)
Completed 200 OK in 64ms (Views: 63.2ms)


Started GET "/" for 127.0.0.1 at 2019-02-09 14:50:20 +0200
Processing by HomeController#index as HTML
  Rendering home/index.html.erb within layouts/application
  Rendered home/index.html.erb within layouts/application (8.7ms)
  Rendered layouts/_footer.html.erb (0.4ms)
Completed 200 OK in 4025ms (Views: 4022.9ms)


  
ActionController::RoutingError (No route matches [GET] "/assets/style.css.map"):
  
actionpack (5.1.5) lib/action_dispatch/middleware/debug_exceptions.rb:63:in `call'
web-console (3.5.1) lib/web_console/middleware.rb:135:in `call_app'
web-console (3.5.1) lib/web_console/middleware.rb:28:in `block in call'
web-console (3.5.1) lib/web_console/middleware.rb:18:in `catch'
web-console (3.5.1) lib/web_console/middleware.rb:18:in `call'
actionpack (5.1.5) lib/action_dispatch/middleware/show_exceptions.rb:31:in `call'
railties (5.1.5) lib/rails/rack/logger.rb:36:in `call_app'
railties (5.1.5) lib/rails/rack/logger.rb:24:in `block in call'
activesupport (5.1.5) lib/active_support/tagged_logging.rb:69:in `block in tagged'
activesupport (5.1.5) lib/active_support/tagged_logging.rb:26:in `tagged'
activesupport (5.1.5) lib/active_support/tagged_logging.rb:69:in `tagged'
railties (5.1.5) lib/rails/rack/logger.rb:24:in `call'
sprockets-rails (3.2.1) lib/sprockets/rails/quiet_assets.rb:11:in `block in call'
activesupport (5.1.5) lib/active_support/logger_silence.rb:20:in `silence'
activesupport (5.1.5) lib/active_support/logger.rb:63:in `block (3 levels) in broadcast'
activesupport (5.1.5) lib/active_support/logger_silence.rb:20:in `silence'
activesupport (5.1.5) lib/active_support/logger.rb:61:in `block (2 levels) in broadcast'
sprockets-rails (3.2.1) lib/sprockets/rails/quiet_assets.rb:11:in `call'
actionpack (5.1.5) lib/action_dispatch/middleware/remote_ip.rb:79:in `call'
actionpack (5.1.5) lib/action_dispatch/middleware/request_id.rb:25:in `call'
rack (2.0.6) lib/rack/method_override.rb:22:in `call'
rack (2.0.6) lib/rack/runtime.rb:22:in `call'
activesupport (5.1.5) lib/active_support/cache/strategy/local_cache_middleware.rb:27:in `call'
actionpack (5.1.5) lib/action_dispatch/middleware/executor.rb:12:in `call'
actionpack (5.1.5) lib/action_dispatch/middleware/static.rb:125:in `call'
rack (2.0.6) lib/rack/sendfile.rb:111:in `call'
railties (5.1.5) lib/rails/engine.rb:522:in `call'
puma (3.11.2) lib/puma/configuration.rb:225:in `call'
puma (3.11.2) lib/puma/server.rb:624:in `handle_request'
puma (3.11.2) lib/puma/server.rb:438:in `process_client'
puma (3.11.2) lib/puma/server.rb:302:in `block in run'
puma (3.11.2) lib/puma/thread_pool.rb:120:in `block in spawn_thread'
Started GET "/" for 127.0.0.1 at 2019-02-09 14:52:43 +0200
Processing by HomeController#index as HTML
  Rendering home/index.html.erb within layouts/application
  Rendered home/index.html.erb within layouts/application (6.9ms)
  Rendered layouts/_footer.html.erb (0.5ms)
Completed 200 OK in 68ms (Views: 67.2ms)


  
ActionController::RoutingError (No route matches [GET] "/assets/style.css.map"):
  
actionpack (5.1.5) lib/action_dispatch/middleware/debug_exceptions.rb:63:in `call'
web-console (3.5.1) lib/web_console/middleware.rb:135:in `call_app'
web-console (3.5.1) lib/web_console/middleware.rb:28:in `block in call'
web-console (3.5.1) lib/web_console/middleware.rb:18:in `catch'
web-console (3.5.1) lib/web_console/middleware.rb:18:in `call'
actionpack (5.1.5) lib/action_dispatch/middleware/show_exceptions.rb:31:in `call'
railties (5.1.5) lib/rails/rack/logger.rb:36:in `call_app'
railties (5.1.5) lib/rails/rack/logger.rb:24:in `block in call'
activesupport (5.1.5) lib/active_support/tagged_logging.rb:69:in `block in tagged'
activesupport (5.1.5) lib/active_support/tagged_logging.rb:26:in `tagged'
activesupport (5.1.5) lib/active_support/tagged_logging.rb:69:in `tagged'
railties (5.1.5) lib/rails/rack/logger.rb:24:in `call'
sprockets-rails (3.2.1) lib/sprockets/rails/quiet_assets.rb:11:in `block in call'
activesupport (5.1.5) lib/active_support/logger_silence.rb:20:in `silence'
activesupport (5.1.5) lib/active_support/logger.rb:63:in `block (3 levels) in broadcast'
activesupport (5.1.5) lib/active_support/logger_silence.rb:20:in `silence'
activesupport (5.1.5) lib/active_support/logger.rb:61:in `block (2 levels) in broadcast'
sprockets-rails (3.2.1) lib/sprockets/rails/quiet_assets.rb:11:in `call'
actionpack (5.1.5) lib/action_dispatch/middleware/remote_ip.rb:79:in `call'
actionpack (5.1.5) lib/action_dispatch/middleware/request_id.rb:25:in `call'
rack (2.0.6) lib/rack/method_override.rb:22:in `call'
rack (2.0.6) lib/rack/runtime.rb:22:in `call'
activesupport (5.1.5) lib/active_support/cache/strategy/local_cache_middleware.rb:27:in `call'
actionpack (5.1.5) lib/action_dispatch/middleware/executor.rb:12:in `call'
actionpack (5.1.5) lib/action_dispatch/middleware/static.rb:125:in `call'
rack (2.0.6) lib/rack/sendfile.rb:111:in `call'
railties (5.1.5) lib/rails/engine.rb:522:in `call'
puma (3.11.2) lib/puma/configuration.rb:225:in `call'
puma (3.11.2) lib/puma/server.rb:624:in `handle_request'
puma (3.11.2) lib/puma/server.rb:438:in `process_client'
puma (3.11.2) lib/puma/server.rb:302:in `block in run'
puma (3.11.2) lib/puma/thread_pool.rb:120:in `block in spawn_thread'
Started GET "/" for 127.0.0.1 at 2019-02-09 14:54:40 +0200
Processing by HomeController#index as HTML
  Rendering home/index.html.erb within layouts/application
  Rendered home/index.html.erb within layouts/application (6.3ms)
  Rendered layouts/_footer.html.erb (0.4ms)
Completed 200 OK in 4265ms (Views: 4264.1ms)


Started GET "/" for 127.0.0.1 at 2019-02-09 14:55:56 +0200
Processing by HomeController#index as HTML
  Rendering home/index.html.erb within layouts/application
  Rendered home/index.html.erb within layouts/application (5.8ms)
  Rendered layouts/_footer.html.erb (0.4ms)
Completed 200 OK in 4266ms (Views: 4264.2ms)


Started GET "/" for 127.0.0.1 at 2019-02-09 14:56:14 +0200
Processing by HomeController#index as HTML
  Rendering home/index.html.erb within layouts/application
  Rendered home/index.html.erb within layouts/application (5.0ms)
  Rendered layouts/_footer.html.erb (0.4ms)
Completed 200 OK in 4225ms (Views: 4223.9ms)


Started GET "/" for 127.0.0.1 at 2019-02-09 14:56:28 +0200
Processing by HomeController#index as HTML
  Rendering home/index.html.erb within layouts/application
  Rendered home/index.html.erb within layouts/application (6.0ms)
  Rendered layouts/_footer.html.erb (0.4ms)
Completed 200 OK in 4308ms (Views: 4306.9ms)


Started GET "/" for 127.0.0.1 at 2019-02-09 14:58:22 +0200
Processing by HomeController#index as HTML
  Rendering home/index.html.erb within layouts/application
  Rendered home/index.html.erb within layouts/application (5.1ms)
  Rendered layouts/_footer.html.erb (0.4ms)
Completed 200 OK in 4233ms (Views: 4231.3ms)


Started GET "/" for 127.0.0.1 at 2019-02-09 14:58:44 +0200
Processing by HomeController#index as HTML
  Rendering home/index.html.erb within layouts/application
  Rendered home/index.html.erb within layouts/application (4.4ms)
  Rendered layouts/_footer.html.erb (0.8ms)
Completed 200 OK in 4208ms (Views: 4206.2ms)


Started GET "/" for 127.0.0.1 at 2019-02-09 15:00:15 +0200
Processing by HomeController#index as HTML
  Rendering home/index.html.erb within layouts/application
  Rendered home/index.html.erb within layouts/application (4.4ms)
  Rendered layouts/_footer.html.erb (0.8ms)
Completed 200 OK in 4180ms (Views: 4177.6ms)


Started GET "/" for 127.0.0.1 at 2019-02-09 15:07:58 +0200
Processing by HomeController#index as HTML
  Rendering home/index.html.erb within layouts/application
  Rendered home/index.html.erb within layouts/application (3.9ms)
  Rendered layouts/_footer.html.erb (0.6ms)
Completed 200 OK in 58ms (Views: 56.5ms)


Started GET "/" for 127.0.0.1 at 2019-02-09 15:10:12 +0200
Processing by HomeController#index as HTML
  Rendering home/index.html.erb within layouts/application
  Rendered home/index.html.erb within layouts/application (6.5ms)
  Rendered layouts/_footer.html.erb (0.4ms)
Completed 200 OK in 68ms (Views: 66.3ms)


Started GET "/" for 127.0.0.1 at 2019-02-09 15:52:07 +0200
Processing by HomeController#index as HTML
  Rendering home/index.html.erb within layouts/application
  Rendered home/index.html.erb within layouts/application (14.0ms)
Completed 500 Internal Server Error in 18ms


  
ActionView::Template::Error (The asset "team/t4.jpg" is not present in the asset pipeline.):
    267:             <div class="col-md-3">
    268:                 <div class="team-box text-center to-animate-2">
    269:                     <div class="user">
    270:                     <%=image_tag("team/t4.jpg", alt: "")%>
    271:                     </div>
    272:                     <h3>Rarfield Nato</h3>
    273:                     <span class="position">CEO, Photo Phactory</span>
  
app/views/home/index.html.erb:270:in `_app_views_home_index_html_erb___3999864603304526951_70269379705880'
Started GET "/" for 127.0.0.1 at 2019-02-09 15:52:44 +0200
Processing by HomeController#index as HTML
  Rendering home/index.html.erb within layouts/application
  Rendered home/index.html.erb within layouts/application (9.7ms)
Completed 500 Internal Server Error in 14ms


  
ActionView::Template::Error (The asset "team/t4.jpg" is not present in the asset pipeline.):
    267:             <!-- <div class="col-md-3">
    268:                 <div class="team-box text-center to-animate-2">
    269:                     <div class="user">
    270:                     <%=image_tag("team/t4.jpg", alt: "")%>
    271:                     </div>
    272:                     <h3>Rarfield Nato</h3>
    273:                     <span class="position">CEO, Photo Phactory</span>
  
app/views/home/index.html.erb:270:in `_app_views_home_index_html_erb___3999864603304526951_70269378220460'
Started GET "/" for 127.0.0.1 at 2019-02-09 15:53:02 +0200
Processing by HomeController#index as HTML
  Rendering home/index.html.erb within layouts/application
  Rendered home/index.html.erb within layouts/application (5.1ms)
  Rendered layouts/_footer.html.erb (0.4ms)
Completed 200 OK in 66ms (Views: 64.7ms)


Started GET "/" for 127.0.0.1 at 2019-02-09 15:57:56 +0200
Processing by HomeController#index as HTML
  Rendering home/index.html.erb within layouts/application
  Rendered home/index.html.erb within layouts/application (10.2ms)
  Rendered layouts/_footer.html.erb (0.7ms)
Completed 200 OK in 71ms (Views: 69.7ms)


Started GET "/" for 127.0.0.1 at 2019-02-09 15:59:21 +0200
Processing by HomeController#index as HTML
  Rendering home/index.html.erb within layouts/application
  Rendered home/index.html.erb within layouts/application (5.5ms)
  Rendered layouts/_footer.html.erb (0.5ms)
Completed 200 OK in 63ms (Views: 61.8ms)


Started GET "/" for 127.0.0.1 at 2019-02-09 16:04:32 +0200
Processing by HomeController#index as HTML
  Rendering home/index.html.erb within layouts/application
  Rendered home/index.html.erb within layouts/application (4.4ms)
  Rendered layouts/_footer.html.erb (0.4ms)
Completed 200 OK in 4081ms (Views: 4080.2ms)


Started GET "/" for 127.0.0.1 at 2019-02-09 17:39:45 +0200
Processing by HomeController#index as HTML
  Rendering home/index.html.erb within layouts/application
  Rendered home/index.html.erb within layouts/application (4.2ms)
  Rendered layouts/_footer.html.erb (0.5ms)
Completed 200 OK in 58ms (Views: 56.4ms)


Started GET "/" for 127.0.0.1 at 2019-02-09 18:25:20 +0200
Processing by HomeController#index as HTML
  Rendering home/index.html.erb within layouts/application
  Rendered home/index.html.erb within layouts/application (5.0ms)
  Rendered layouts/_footer.html.erb (0.4ms)
Completed 200 OK in 4191ms (Views: 4189.1ms)


Started GET "/" for 127.0.0.1 at 2019-02-09 18:26:28 +0200
Processing by HomeController#index as HTML
  Rendering home/index.html.erb within layouts/application
  Rendered home/index.html.erb within layouts/application (4.1ms)
  Rendered layouts/_footer.html.erb (0.4ms)
Completed 200 OK in 57ms (Views: 56.2ms)


Started GET "/" for 127.0.0.1 at 2019-02-09 18:28:55 +0200
Processing by HomeController#index as HTML
  Rendering home/index.html.erb within layouts/application
  Rendered home/index.html.erb within layouts/application (4.5ms)
  Rendered layouts/_footer.html.erb (0.4ms)
Completed 200 OK in 4345ms (Views: 4343.3ms)


Started GET "/" for 127.0.0.1 at 2019-02-09 18:29:50 +0200
Processing by HomeController#index as HTML
  Rendering home/index.html.erb within layouts/application
  Rendered home/index.html.erb within layouts/application (5.2ms)
  Rendered layouts/_footer.html.erb (0.4ms)
Completed 200 OK in 4295ms (Views: 4293.7ms)


Started GET "/" for 127.0.0.1 at 2019-02-09 18:30:27 +0200
Processing by HomeController#index as HTML
  Rendering home/index.html.erb within layouts/application
  Rendered home/index.html.erb within layouts/application (3.9ms)
  Rendered layouts/_footer.html.erb (0.5ms)
Completed 200 OK in 59ms (Views: 57.4ms)


Started GET "/" for 127.0.0.1 at 2019-02-09 18:30:39 +0200
Processing by HomeController#index as HTML
  Rendering home/index.html.erb within layouts/application
  Rendered home/index.html.erb within layouts/application (5.0ms)
  Rendered layouts/_footer.html.erb (0.9ms)
Completed 200 OK in 72ms (Views: 70.7ms)


Started GET "/" for 127.0.0.1 at 2019-02-09 18:30:53 +0200
Processing by HomeController#index as HTML
  Rendering home/index.html.erb within layouts/application
  Rendered home/index.html.erb within layouts/application (5.6ms)
  Rendered layouts/_footer.html.erb (0.5ms)
Completed 200 OK in 69ms (Views: 67.8ms)


Started GET "/" for 127.0.0.1 at 2019-02-09 18:32:01 +0200
Processing by HomeController#index as HTML
  Rendering home/index.html.erb within layouts/application
  Rendered home/index.html.erb within layouts/application (6.2ms)
  Rendered layouts/_footer.html.erb (0.4ms)
Completed 200 OK in 4297ms (Views: 4295.1ms)


Started GET "/" for 127.0.0.1 at 2019-02-09 18:32:46 +0200
Processing by HomeController#index as HTML
  Rendering home/index.html.erb within layouts/application
  Rendered home/index.html.erb within layouts/application (4.8ms)
  Rendered layouts/_footer.html.erb (0.4ms)
Completed 200 OK in 4235ms (Views: 4234.4ms)


Started GET "/" for 127.0.0.1 at 2019-02-09 18:33:29 +0200
Processing by HomeController#index as HTML
  Rendering home/index.html.erb within layouts/application
  Rendered home/index.html.erb within layouts/application (5.3ms)
  Rendered layouts/_footer.html.erb (0.4ms)
Completed 200 OK in 4375ms (Views: 4373.5ms)


Started GET "/" for 127.0.0.1 at 2019-02-09 18:35:49 +0200
Processing by HomeController#index as HTML
  Rendering home/index.html.erb within layouts/application
  Rendered home/index.html.erb within layouts/application (4.2ms)
  Rendered layouts/_footer.html.erb (0.4ms)
Completed 200 OK in 4316ms (Views: 4314.6ms)


Started GET "/" for 127.0.0.1 at 2019-02-09 18:37:05 +0200
Processing by HomeController#index as HTML
  Rendering home/index.html.erb within layouts/application
  Rendered home/index.html.erb within layouts/application (4.7ms)
  Rendered layouts/_footer.html.erb (0.5ms)
Completed 200 OK in 103ms (Views: 102.0ms)


Started GET "/" for 127.0.0.1 at 2019-02-09 18:39:42 +0200
Processing by HomeController#index as HTML
  Rendering home/index.html.erb within layouts/application
  Rendered home/index.html.erb within layouts/application (4.7ms)
  Rendered layouts/_footer.html.erb (0.4ms)
Completed 200 OK in 4216ms (Views: 4214.7ms)


Started GET "/" for 127.0.0.1 at 2019-02-09 18:42:47 +0200
Processing by HomeController#index as HTML
  Rendering home/index.html.erb within layouts/application
  Rendered home/index.html.erb within layouts/application (5.3ms)
  Rendered layouts/_footer.html.erb (0.4ms)
Completed 200 OK in 4287ms (Views: 4285.7ms)


Started GET "/" for 127.0.0.1 at 2019-02-09 18:50:05 +0200
Processing by HomeController#index as HTML
  Rendering home/index.html.erb within layouts/application
  Rendered home/index.html.erb within layouts/application (5.9ms)
  Rendered layouts/_footer.html.erb (0.4ms)
Completed 200 OK in 4327ms (Views: 4326.2ms)


Started GET "/" for 127.0.0.1 at 2019-02-09 18:51:20 +0200
Processing by HomeController#index as HTML
  Rendering home/index.html.erb within layouts/application
  Rendered home/index.html.erb within layouts/application (4.5ms)
  Rendered layouts/_footer.html.erb (0.4ms)
Completed 200 OK in 4350ms (Views: 4348.8ms)


Started GET "/" for 127.0.0.1 at 2019-02-09 18:54:35 +0200
Processing by HomeController#index as HTML
  Rendering home/index.html.erb within layouts/application
  Rendered home/index.html.erb within layouts/application (4.4ms)
  Rendered layouts/_footer.html.erb (0.4ms)
Completed 200 OK in 4290ms (Views: 4288.6ms)


  
ActionController::RoutingError (No route matches [GET] "/assets/style.css.map"):
  
actionpack (5.1.5) lib/action_dispatch/middleware/debug_exceptions.rb:63:in `call'
web-console (3.5.1) lib/web_console/middleware.rb:135:in `call_app'
web-console (3.5.1) lib/web_console/middleware.rb:28:in `block in call'
web-console (3.5.1) lib/web_console/middleware.rb:18:in `catch'
web-console (3.5.1) lib/web_console/middleware.rb:18:in `call'
actionpack (5.1.5) lib/action_dispatch/middleware/show_exceptions.rb:31:in `call'
railties (5.1.5) lib/rails/rack/logger.rb:36:in `call_app'
railties (5.1.5) lib/rails/rack/logger.rb:24:in `block in call'
activesupport (5.1.5) lib/active_support/tagged_logging.rb:69:in `block in tagged'
activesupport (5.1.5) lib/active_support/tagged_logging.rb:26:in `tagged'
activesupport (5.1.5) lib/active_support/tagged_logging.rb:69:in `tagged'
railties (5.1.5) lib/rails/rack/logger.rb:24:in `call'
sprockets-rails (3.2.1) lib/sprockets/rails/quiet_assets.rb:11:in `block in call'
activesupport (5.1.5) lib/active_support/logger_silence.rb:20:in `silence'
activesupport (5.1.5) lib/active_support/logger.rb:63:in `block (3 levels) in broadcast'
activesupport (5.1.5) lib/active_support/logger_silence.rb:20:in `silence'
activesupport (5.1.5) lib/active_support/logger.rb:61:in `block (2 levels) in broadcast'
sprockets-rails (3.2.1) lib/sprockets/rails/quiet_assets.rb:11:in `call'
actionpack (5.1.5) lib/action_dispatch/middleware/remote_ip.rb:79:in `call'
actionpack (5.1.5) lib/action_dispatch/middleware/request_id.rb:25:in `call'
rack (2.0.6) lib/rack/method_override.rb:22:in `call'
rack (2.0.6) lib/rack/runtime.rb:22:in `call'
activesupport (5.1.5) lib/active_support/cache/strategy/local_cache_middleware.rb:27:in `call'
actionpack (5.1.5) lib/action_dispatch/middleware/executor.rb:12:in `call'
actionpack (5.1.5) lib/action_dispatch/middleware/static.rb:125:in `call'
rack (2.0.6) lib/rack/sendfile.rb:111:in `call'
railties (5.1.5) lib/rails/engine.rb:522:in `call'
puma (3.11.2) lib/puma/configuration.rb:225:in `call'
puma (3.11.2) lib/puma/server.rb:624:in `handle_request'
puma (3.11.2) lib/puma/server.rb:438:in `process_client'
puma (3.11.2) lib/puma/server.rb:302:in `block in run'
puma (3.11.2) lib/puma/thread_pool.rb:120:in `block in spawn_thread'
Started GET "/" for 127.0.0.1 at 2019-02-09 18:55:46 +0200
Processing by HomeController#index as HTML
  Rendering home/index.html.erb within layouts/application
  Rendered home/index.html.erb within layouts/application (5.8ms)
  Rendered layouts/_footer.html.erb (0.4ms)
Completed 200 OK in 58ms (Views: 56.4ms)


  
ActionController::RoutingError (No route matches [GET] "/assets/style.css.map"):
  
actionpack (5.1.5) lib/action_dispatch/middleware/debug_exceptions.rb:63:in `call'
web-console (3.5.1) lib/web_console/middleware.rb:135:in `call_app'
web-console (3.5.1) lib/web_console/middleware.rb:28:in `block in call'
web-console (3.5.1) lib/web_console/middleware.rb:18:in `catch'
web-console (3.5.1) lib/web_console/middleware.rb:18:in `call'
actionpack (5.1.5) lib/action_dispatch/middleware/show_exceptions.rb:31:in `call'
railties (5.1.5) lib/rails/rack/logger.rb:36:in `call_app'
railties (5.1.5) lib/rails/rack/logger.rb:24:in `block in call'
activesupport (5.1.5) lib/active_support/tagged_logging.rb:69:in `block in tagged'
activesupport (5.1.5) lib/active_support/tagged_logging.rb:26:in `tagged'
activesupport (5.1.5) lib/active_support/tagged_logging.rb:69:in `tagged'
railties (5.1.5) lib/rails/rack/logger.rb:24:in `call'
sprockets-rails (3.2.1) lib/sprockets/rails/quiet_assets.rb:11:in `block in call'
activesupport (5.1.5) lib/active_support/logger_silence.rb:20:in `silence'
activesupport (5.1.5) lib/active_support/logger.rb:63:in `block (3 levels) in broadcast'
activesupport (5.1.5) lib/active_support/logger_silence.rb:20:in `silence'
activesupport (5.1.5) lib/active_support/logger.rb:61:in `block (2 levels) in broadcast'
sprockets-rails (3.2.1) lib/sprockets/rails/quiet_assets.rb:11:in `call'
actionpack (5.1.5) lib/action_dispatch/middleware/remote_ip.rb:79:in `call'
actionpack (5.1.5) lib/action_dispatch/middleware/request_id.rb:25:in `call'
rack (2.0.6) lib/rack/method_override.rb:22:in `call'
rack (2.0.6) lib/rack/runtime.rb:22:in `call'
activesupport (5.1.5) lib/active_support/cache/strategy/local_cache_middleware.rb:27:in `call'
actionpack (5.1.5) lib/action_dispatch/middleware/executor.rb:12:in `call'
actionpack (5.1.5) lib/action_dispatch/middleware/static.rb:125:in `call'
rack (2.0.6) lib/rack/sendfile.rb:111:in `call'
railties (5.1.5) lib/rails/engine.rb:522:in `call'
puma (3.11.2) lib/puma/configuration.rb:225:in `call'
puma (3.11.2) lib/puma/server.rb:624:in `handle_request'
puma (3.11.2) lib/puma/server.rb:438:in `process_client'
puma (3.11.2) lib/puma/server.rb:302:in `block in run'
puma (3.11.2) lib/puma/thread_pool.rb:120:in `block in spawn_thread'
Started GET "/" for 127.0.0.1 at 2019-02-09 18:56:49 +0200
Processing by HomeController#index as HTML
  Rendering home/index.html.erb within layouts/application
  Rendered home/index.html.erb within layouts/application (5.2ms)
  Rendered layouts/_footer.html.erb (0.6ms)
Completed 200 OK in 73ms (Views: 71.2ms)


Started GET "/" for 127.0.0.1 at 2019-02-09 18:57:51 +0200
Processing by HomeController#index as HTML
  Rendering home/index.html.erb within layouts/application
  Rendered home/index.html.erb within layouts/application (5.8ms)
  Rendered layouts/_footer.html.erb (0.9ms)
Completed 200 OK in 4269ms (Views: 4267.8ms)


  
ActionController::RoutingError (No route matches [GET] "/assets/style.css.map"):
  
actionpack (5.1.5) lib/action_dispatch/middleware/debug_exceptions.rb:63:in `call'
web-console (3.5.1) lib/web_console/middleware.rb:135:in `call_app'
web-console (3.5.1) lib/web_console/middleware.rb:28:in `block in call'
web-console (3.5.1) lib/web_console/middleware.rb:18:in `catch'
web-console (3.5.1) lib/web_console/middleware.rb:18:in `call'
actionpack (5.1.5) lib/action_dispatch/middleware/show_exceptions.rb:31:in `call'
railties (5.1.5) lib/rails/rack/logger.rb:36:in `call_app'
railties (5.1.5) lib/rails/rack/logger.rb:24:in `block in call'
activesupport (5.1.5) lib/active_support/tagged_logging.rb:69:in `block in tagged'
activesupport (5.1.5) lib/active_support/tagged_logging.rb:26:in `tagged'
activesupport (5.1.5) lib/active_support/tagged_logging.rb:69:in `tagged'
railties (5.1.5) lib/rails/rack/logger.rb:24:in `call'
sprockets-rails (3.2.1) lib/sprockets/rails/quiet_assets.rb:11:in `block in call'
activesupport (5.1.5) lib/active_support/logger_silence.rb:20:in `silence'
activesupport (5.1.5) lib/active_support/logger.rb:63:in `block (3 levels) in broadcast'
activesupport (5.1.5) lib/active_support/logger_silence.rb:20:in `silence'
activesupport (5.1.5) lib/active_support/logger.rb:61:in `block (2 levels) in broadcast'
sprockets-rails (3.2.1) lib/sprockets/rails/quiet_assets.rb:11:in `call'
actionpack (5.1.5) lib/action_dispatch/middleware/remote_ip.rb:79:in `call'
actionpack (5.1.5) lib/action_dispatch/middleware/request_id.rb:25:in `call'
rack (2.0.6) lib/rack/method_override.rb:22:in `call'
rack (2.0.6) lib/rack/runtime.rb:22:in `call'
activesupport (5.1.5) lib/active_support/cache/strategy/local_cache_middleware.rb:27:in `call'
actionpack (5.1.5) lib/action_dispatch/middleware/executor.rb:12:in `call'
actionpack (5.1.5) lib/action_dispatch/middleware/static.rb:125:in `call'
rack (2.0.6) lib/rack/sendfile.rb:111:in `call'
railties (5.1.5) lib/rails/engine.rb:522:in `call'
puma (3.11.2) lib/puma/configuration.rb:225:in `call'
puma (3.11.2) lib/puma/server.rb:624:in `handle_request'
puma (3.11.2) lib/puma/server.rb:438:in `process_client'
puma (3.11.2) lib/puma/server.rb:302:in `block in run'
puma (3.11.2) lib/puma/thread_pool.rb:120:in `block in spawn_thread'
Started GET "/" for 127.0.0.1 at 2019-02-09 19:00:09 +0200
Processing by HomeController#index as HTML
  Rendering home/index.html.erb within layouts/application
  Rendered home/index.html.erb within layouts/application (5.2ms)
  Rendered layouts/_footer.html.erb (0.5ms)
Completed 200 OK in 58ms (Views: 56.6ms)


Started GET "/" for 127.0.0.1 at 2019-02-09 19:00:28 +0200
Processing by HomeController#index as HTML
  Rendering home/index.html.erb within layouts/application
  Rendered home/index.html.erb within layouts/application (4.4ms)
  Rendered layouts/_footer.html.erb (0.4ms)
Completed 200 OK in 111ms (Views: 109.5ms)


  
ActionController::RoutingError (No route matches [GET] "/assets/style.css.map"):
  
actionpack (5.1.5) lib/action_dispatch/middleware/debug_exceptions.rb:63:in `call'
web-console (3.5.1) lib/web_console/middleware.rb:135:in `call_app'
web-console (3.5.1) lib/web_console/middleware.rb:28:in `block in call'
web-console (3.5.1) lib/web_console/middleware.rb:18:in `catch'
web-console (3.5.1) lib/web_console/middleware.rb:18:in `call'
actionpack (5.1.5) lib/action_dispatch/middleware/show_exceptions.rb:31:in `call'
railties (5.1.5) lib/rails/rack/logger.rb:36:in `call_app'
railties (5.1.5) lib/rails/rack/logger.rb:24:in `block in call'
activesupport (5.1.5) lib/active_support/tagged_logging.rb:69:in `block in tagged'
activesupport (5.1.5) lib/active_support/tagged_logging.rb:26:in `tagged'
activesupport (5.1.5) lib/active_support/tagged_logging.rb:69:in `tagged'
railties (5.1.5) lib/rails/rack/logger.rb:24:in `call'
sprockets-rails (3.2.1) lib/sprockets/rails/quiet_assets.rb:11:in `block in call'
activesupport (5.1.5) lib/active_support/logger_silence.rb:20:in `silence'
activesupport (5.1.5) lib/active_support/logger.rb:63:in `block (3 levels) in broadcast'
activesupport (5.1.5) lib/active_support/logger_silence.rb:20:in `silence'
activesupport (5.1.5) lib/active_support/logger.rb:61:in `block (2 levels) in broadcast'
sprockets-rails (3.2.1) lib/sprockets/rails/quiet_assets.rb:11:in `call'
actionpack (5.1.5) lib/action_dispatch/middleware/remote_ip.rb:79:in `call'
actionpack (5.1.5) lib/action_dispatch/middleware/request_id.rb:25:in `call'
rack (2.0.6) lib/rack/method_override.rb:22:in `call'
rack (2.0.6) lib/rack/runtime.rb:22:in `call'
activesupport (5.1.5) lib/active_support/cache/strategy/local_cache_middleware.rb:27:in `call'
actionpack (5.1.5) lib/action_dispatch/middleware/executor.rb:12:in `call'
actionpack (5.1.5) lib/action_dispatch/middleware/static.rb:125:in `call'
rack (2.0.6) lib/rack/sendfile.rb:111:in `call'
railties (5.1.5) lib/rails/engine.rb:522:in `call'
puma (3.11.2) lib/puma/configuration.rb:225:in `call'
puma (3.11.2) lib/puma/server.rb:624:in `handle_request'
puma (3.11.2) lib/puma/server.rb:438:in `process_client'
puma (3.11.2) lib/puma/server.rb:302:in `block in run'
puma (3.11.2) lib/puma/thread_pool.rb:120:in `block in spawn_thread'
Started GET "/" for 127.0.0.1 at 2019-02-09 19:11:43 +0200
Processing by HomeController#index as HTML
  Rendering home/index.html.erb within layouts/application
  Rendered home/index.html.erb within layouts/application (7.1ms)
  Rendered layouts/_footer.html.erb (0.4ms)
Completed 200 OK in 4276ms (Views: 4274.9ms)


  
ActionController::RoutingError (No route matches [GET] "/assets/style.css.map"):
  
actionpack (5.1.5) lib/action_dispatch/middleware/debug_exceptions.rb:63:in `call'
web-console (3.5.1) lib/web_console/middleware.rb:135:in `call_app'
web-console (3.5.1) lib/web_console/middleware.rb:28:in `block in call'
web-console (3.5.1) lib/web_console/middleware.rb:18:in `catch'
web-console (3.5.1) lib/web_console/middleware.rb:18:in `call'
actionpack (5.1.5) lib/action_dispatch/middleware/show_exceptions.rb:31:in `call'
railties (5.1.5) lib/rails/rack/logger.rb:36:in `call_app'
railties (5.1.5) lib/rails/rack/logger.rb:24:in `block in call'
activesupport (5.1.5) lib/active_support/tagged_logging.rb:69:in `block in tagged'
activesupport (5.1.5) lib/active_support/tagged_logging.rb:26:in `tagged'
activesupport (5.1.5) lib/active_support/tagged_logging.rb:69:in `tagged'
railties (5.1.5) lib/rails/rack/logger.rb:24:in `call'
sprockets-rails (3.2.1) lib/sprockets/rails/quiet_assets.rb:11:in `block in call'
activesupport (5.1.5) lib/active_support/logger_silence.rb:20:in `silence'
activesupport (5.1.5) lib/active_support/logger.rb:63:in `block (3 levels) in broadcast'
activesupport (5.1.5) lib/active_support/logger_silence.rb:20:in `silence'
activesupport (5.1.5) lib/active_support/logger.rb:61:in `block (2 levels) in broadcast'
sprockets-rails (3.2.1) lib/sprockets/rails/quiet_assets.rb:11:in `call'
actionpack (5.1.5) lib/action_dispatch/middleware/remote_ip.rb:79:in `call'
actionpack (5.1.5) lib/action_dispatch/middleware/request_id.rb:25:in `call'
rack (2.0.6) lib/rack/method_override.rb:22:in `call'
rack (2.0.6) lib/rack/runtime.rb:22:in `call'
activesupport (5.1.5) lib/active_support/cache/strategy/local_cache_middleware.rb:27:in `call'
actionpack (5.1.5) lib/action_dispatch/middleware/executor.rb:12:in `call'
actionpack (5.1.5) lib/action_dispatch/middleware/static.rb:125:in `call'
rack (2.0.6) lib/rack/sendfile.rb:111:in `call'
railties (5.1.5) lib/rails/engine.rb:522:in `call'
puma (3.11.2) lib/puma/configuration.rb:225:in `call'
puma (3.11.2) lib/puma/server.rb:624:in `handle_request'
puma (3.11.2) lib/puma/server.rb:438:in `process_client'
puma (3.11.2) lib/puma/server.rb:302:in `block in run'
puma (3.11.2) lib/puma/thread_pool.rb:120:in `block in spawn_thread'
Started GET "/" for 127.0.0.1 at 2019-02-09 19:17:53 +0200
Processing by HomeController#index as HTML
  Rendering home/index.html.erb within layouts/application
  Rendered home/index.html.erb within layouts/application (4.7ms)
Completed 500 Internal Server Error in 191ms


  
ActionView::Template::Error (Invalid CSS after "...ound: #2E4A62; ": expected "}", was "!important;"):
    22:     <link rel="stylesheet" href="https://use.fontawesome.com/releases/v5.7.1/css/all.css" integrity="sha384-fnmOCqbTlWIlj8LyTjo7mOUStjsKC4pOpQbqyi7RrhN7udi9RwhKkMHpvLbHG9Sr" crossorigin="anonymous">
    23: 
    24:     <!-- Stylesheets -->
    25:     <%= stylesheet_link_tag    'application', media: 'all', 'data-turbolinks-track': 'reload' %>
    26:     
    27:     <%= csrf_meta_tags %>
    28:   </head>
  
app/assets/stylesheets/style.scss:821
app/assets/stylesheets/application.scss:1
app/views/layouts/application.html.erb:25:in `_app_views_layouts_application_html_erb___1268809350914360438_70269378611800'
Started GET "/" for 127.0.0.1 at 2019-02-09 19:18:15 +0200
Processing by HomeController#index as HTML
  Rendering home/index.html.erb within layouts/application
  Rendered home/index.html.erb within layouts/application (6.6ms)
  Rendered layouts/_footer.html.erb (0.4ms)
Completed 200 OK in 4218ms (Views: 4216.4ms)


Started GET "/" for 127.0.0.1 at 2019-02-09 19:19:04 +0200
Processing by HomeController#index as HTML
  Rendering home/index.html.erb within layouts/application
  Rendered home/index.html.erb within layouts/application (4.7ms)
  Rendered layouts/_footer.html.erb (0.4ms)
Completed 200 OK in 4253ms (Views: 4251.5ms)


  
ActionController::RoutingError (No route matches [GET] "/assets/style.css.map"):
  
actionpack (5.1.5) lib/action_dispatch/middleware/debug_exceptions.rb:63:in `call'
web-console (3.5.1) lib/web_console/middleware.rb:135:in `call_app'
web-console (3.5.1) lib/web_console/middleware.rb:28:in `block in call'
web-console (3.5.1) lib/web_console/middleware.rb:18:in `catch'
web-console (3.5.1) lib/web_console/middleware.rb:18:in `call'
actionpack (5.1.5) lib/action_dispatch/middleware/show_exceptions.rb:31:in `call'
railties (5.1.5) lib/rails/rack/logger.rb:36:in `call_app'
railties (5.1.5) lib/rails/rack/logger.rb:24:in `block in call'
activesupport (5.1.5) lib/active_support/tagged_logging.rb:69:in `block in tagged'
activesupport (5.1.5) lib/active_support/tagged_logging.rb:26:in `tagged'
activesupport (5.1.5) lib/active_support/tagged_logging.rb:69:in `tagged'
railties (5.1.5) lib/rails/rack/logger.rb:24:in `call'
sprockets-rails (3.2.1) lib/sprockets/rails/quiet_assets.rb:11:in `block in call'
activesupport (5.1.5) lib/active_support/logger_silence.rb:20:in `silence'
activesupport (5.1.5) lib/active_support/logger.rb:63:in `block (3 levels) in broadcast'
activesupport (5.1.5) lib/active_support/logger_silence.rb:20:in `silence'
activesupport (5.1.5) lib/active_support/logger.rb:61:in `block (2 levels) in broadcast'
sprockets-rails (3.2.1) lib/sprockets/rails/quiet_assets.rb:11:in `call'
actionpack (5.1.5) lib/action_dispatch/middleware/remote_ip.rb:79:in `call'
actionpack (5.1.5) lib/action_dispatch/middleware/request_id.rb:25:in `call'
rack (2.0.6) lib/rack/method_override.rb:22:in `call'
rack (2.0.6) lib/rack/runtime.rb:22:in `call'
activesupport (5.1.5) lib/active_support/cache/strategy/local_cache_middleware.rb:27:in `call'
actionpack (5.1.5) lib/action_dispatch/middleware/executor.rb:12:in `call'
actionpack (5.1.5) lib/action_dispatch/middleware/static.rb:125:in `call'
rack (2.0.6) lib/rack/sendfile.rb:111:in `call'
railties (5.1.5) lib/rails/engine.rb:522:in `call'
puma (3.11.2) lib/puma/configuration.rb:225:in `call'
puma (3.11.2) lib/puma/server.rb:624:in `handle_request'
puma (3.11.2) lib/puma/server.rb:438:in `process_client'
puma (3.11.2) lib/puma/server.rb:302:in `block in run'
puma (3.11.2) lib/puma/thread_pool.rb:120:in `block in spawn_thread'
Started GET "/" for 127.0.0.1 at 2019-02-09 19:27:54 +0200
Processing by HomeController#index as HTML
  Rendering home/index.html.erb within layouts/application
  Rendered home/index.html.erb within layouts/application (4.2ms)
  Rendered layouts/_footer.html.erb (0.4ms)
Completed 200 OK in 4232ms (Views: 4231.2ms)


  
ActionController::RoutingError (No route matches [GET] "/assets/style.css.map"):
  
actionpack (5.1.5) lib/action_dispatch/middleware/debug_exceptions.rb:63:in `call'
web-console (3.5.1) lib/web_console/middleware.rb:135:in `call_app'
web-console (3.5.1) lib/web_console/middleware.rb:28:in `block in call'
web-console (3.5.1) lib/web_console/middleware.rb:18:in `catch'
web-console (3.5.1) lib/web_console/middleware.rb:18:in `call'
actionpack (5.1.5) lib/action_dispatch/middleware/show_exceptions.rb:31:in `call'
railties (5.1.5) lib/rails/rack/logger.rb:36:in `call_app'
railties (5.1.5) lib/rails/rack/logger.rb:24:in `block in call'
activesupport (5.1.5) lib/active_support/tagged_logging.rb:69:in `block in tagged'
activesupport (5.1.5) lib/active_support/tagged_logging.rb:26:in `tagged'
activesupport (5.1.5) lib/active_support/tagged_logging.rb:69:in `tagged'
railties (5.1.5) lib/rails/rack/logger.rb:24:in `call'
sprockets-rails (3.2.1) lib/sprockets/rails/quiet_assets.rb:11:in `block in call'
activesupport (5.1.5) lib/active_support/logger_silence.rb:20:in `silence'
activesupport (5.1.5) lib/active_support/logger.rb:63:in `block (3 levels) in broadcast'
activesupport (5.1.5) lib/active_support/logger_silence.rb:20:in `silence'
activesupport (5.1.5) lib/active_support/logger.rb:61:in `block (2 levels) in broadcast'
sprockets-rails (3.2.1) lib/sprockets/rails/quiet_assets.rb:11:in `call'
actionpack (5.1.5) lib/action_dispatch/middleware/remote_ip.rb:79:in `call'
actionpack (5.1.5) lib/action_dispatch/middleware/request_id.rb:25:in `call'
rack (2.0.6) lib/rack/method_override.rb:22:in `call'
rack (2.0.6) lib/rack/runtime.rb:22:in `call'
activesupport (5.1.5) lib/active_support/cache/strategy/local_cache_middleware.rb:27:in `call'
actionpack (5.1.5) lib/action_dispatch/middleware/executor.rb:12:in `call'
actionpack (5.1.5) lib/action_dispatch/middleware/static.rb:125:in `call'
rack (2.0.6) lib/rack/sendfile.rb:111:in `call'
railties (5.1.5) lib/rails/engine.rb:522:in `call'
puma (3.11.2) lib/puma/configuration.rb:225:in `call'
puma (3.11.2) lib/puma/server.rb:624:in `handle_request'
puma (3.11.2) lib/puma/server.rb:438:in `process_client'
puma (3.11.2) lib/puma/server.rb:302:in `block in run'
puma (3.11.2) lib/puma/thread_pool.rb:120:in `block in spawn_thread'
  
ActionController::RoutingError (No route matches [GET] "/assets/style.css.map"):
  
actionpack (5.1.5) lib/action_dispatch/middleware/debug_exceptions.rb:63:in `call'
web-console (3.5.1) lib/web_console/middleware.rb:135:in `call_app'
web-console (3.5.1) lib/web_console/middleware.rb:28:in `block in call'
web-console (3.5.1) lib/web_console/middleware.rb:18:in `catch'
web-console (3.5.1) lib/web_console/middleware.rb:18:in `call'
actionpack (5.1.5) lib/action_dispatch/middleware/show_exceptions.rb:31:in `call'
railties (5.1.5) lib/rails/rack/logger.rb:36:in `call_app'
railties (5.1.5) lib/rails/rack/logger.rb:24:in `block in call'
activesupport (5.1.5) lib/active_support/tagged_logging.rb:69:in `block in tagged'
activesupport (5.1.5) lib/active_support/tagged_logging.rb:26:in `tagged'
activesupport (5.1.5) lib/active_support/tagged_logging.rb:69:in `tagged'
railties (5.1.5) lib/rails/rack/logger.rb:24:in `call'
sprockets-rails (3.2.1) lib/sprockets/rails/quiet_assets.rb:11:in `block in call'
activesupport (5.1.5) lib/active_support/logger_silence.rb:20:in `silence'
activesupport (5.1.5) lib/active_support/logger.rb:63:in `block (3 levels) in broadcast'
activesupport (5.1.5) lib/active_support/logger_silence.rb:20:in `silence'
activesupport (5.1.5) lib/active_support/logger.rb:61:in `block (2 levels) in broadcast'
sprockets-rails (3.2.1) lib/sprockets/rails/quiet_assets.rb:11:in `call'
actionpack (5.1.5) lib/action_dispatch/middleware/remote_ip.rb:79:in `call'
actionpack (5.1.5) lib/action_dispatch/middleware/request_id.rb:25:in `call'
rack (2.0.6) lib/rack/method_override.rb:22:in `call'
rack (2.0.6) lib/rack/runtime.rb:22:in `call'
activesupport (5.1.5) lib/active_support/cache/strategy/local_cache_middleware.rb:27:in `call'
actionpack (5.1.5) lib/action_dispatch/middleware/executor.rb:12:in `call'
actionpack (5.1.5) lib/action_dispatch/middleware/static.rb:125:in `call'
rack (2.0.6) lib/rack/sendfile.rb:111:in `call'
railties (5.1.5) lib/rails/engine.rb:522:in `call'
puma (3.11.2) lib/puma/configuration.rb:225:in `call'
puma (3.11.2) lib/puma/server.rb:624:in `handle_request'
puma (3.11.2) lib/puma/server.rb:438:in `process_client'
puma (3.11.2) lib/puma/server.rb:302:in `block in run'
puma (3.11.2) lib/puma/thread_pool.rb:120:in `block in spawn_thread'
Started GET "/" for 127.0.0.1 at 2019-02-09 19:31:37 +0200
Processing by HomeController#index as HTML
  Rendering home/index.html.erb within layouts/application
  Rendered home/index.html.erb within layouts/application (6.8ms)
  Rendered layouts/_footer.html.erb (0.5ms)
Completed 200 OK in 4319ms (Views: 4317.8ms)


Started GET "/" for 127.0.0.1 at 2019-02-09 19:32:53 +0200
Processing by HomeController#index as HTML
  Rendering home/index.html.erb within layouts/application
  Rendered home/index.html.erb within layouts/application (5.5ms)
  Rendered layouts/_footer.html.erb (0.4ms)
Completed 200 OK in 67ms (Views: 65.2ms)


Started GET "/" for 127.0.0.1 at 2019-02-09 19:42:21 +0200
Processing by HomeController#index as HTML
  Rendering home/index.html.erb within layouts/application
  Rendered home/index.html.erb within layouts/application (8.7ms)
  Rendered layouts/_footer.html.erb (0.4ms)
Completed 200 OK in 4209ms (Views: 4207.6ms)


Started GET "/img_snow.jpg" for 127.0.0.1 at 2019-02-09 19:42:27 +0200
  
ActionController::RoutingError (No route matches [GET] "/img_snow.jpg"):
  
actionpack (5.1.5) lib/action_dispatch/middleware/debug_exceptions.rb:63:in `call'
web-console (3.5.1) lib/web_console/middleware.rb:135:in `call_app'
web-console (3.5.1) lib/web_console/middleware.rb:28:in `block in call'
web-console (3.5.1) lib/web_console/middleware.rb:18:in `catch'
web-console (3.5.1) lib/web_console/middleware.rb:18:in `call'
actionpack (5.1.5) lib/action_dispatch/middleware/show_exceptions.rb:31:in `call'
railties (5.1.5) lib/rails/rack/logger.rb:36:in `call_app'
railties (5.1.5) lib/rails/rack/logger.rb:24:in `block in call'
activesupport (5.1.5) lib/active_support/tagged_logging.rb:69:in `block in tagged'
activesupport (5.1.5) lib/active_support/tagged_logging.rb:26:in `tagged'
activesupport (5.1.5) lib/active_support/tagged_logging.rb:69:in `tagged'
railties (5.1.5) lib/rails/rack/logger.rb:24:in `call'
sprockets-rails (3.2.1) lib/sprockets/rails/quiet_assets.rb:13:in `call'
actionpack (5.1.5) lib/action_dispatch/middleware/remote_ip.rb:79:in `call'
actionpack (5.1.5) lib/action_dispatch/middleware/request_id.rb:25:in `call'
rack (2.0.6) lib/rack/method_override.rb:22:in `call'
rack (2.0.6) lib/rack/runtime.rb:22:in `call'
activesupport (5.1.5) lib/active_support/cache/strategy/local_cache_middleware.rb:27:in `call'
actionpack (5.1.5) lib/action_dispatch/middleware/executor.rb:12:in `call'
actionpack (5.1.5) lib/action_dispatch/middleware/static.rb:125:in `call'
rack (2.0.6) lib/rack/sendfile.rb:111:in `call'
railties (5.1.5) lib/rails/engine.rb:522:in `call'
puma (3.11.2) lib/puma/configuration.rb:225:in `call'
puma (3.11.2) lib/puma/server.rb:624:in `handle_request'
puma (3.11.2) lib/puma/server.rb:438:in `process_client'
puma (3.11.2) lib/puma/server.rb:302:in `block in run'
puma (3.11.2) lib/puma/thread_pool.rb:120:in `block in spawn_thread'
Started GET "/img_forest.jpg" for 127.0.0.1 at 2019-02-09 19:42:27 +0200
  
ActionController::RoutingError (No route matches [GET] "/img_forest.jpg"):
  
actionpack (5.1.5) lib/action_dispatch/middleware/debug_exceptions.rb:63:in `call'
web-console (3.5.1) lib/web_console/middleware.rb:135:in `call_app'
web-console (3.5.1) lib/web_console/middleware.rb:28:in `block in call'
web-console (3.5.1) lib/web_console/middleware.rb:18:in `catch'
web-console (3.5.1) lib/web_console/middleware.rb:18:in `call'
actionpack (5.1.5) lib/action_dispatch/middleware/show_exceptions.rb:31:in `call'
railties (5.1.5) lib/rails/rack/logger.rb:36:in `call_app'
railties (5.1.5) lib/rails/rack/logger.rb:24:in `block in call'
activesupport (5.1.5) lib/active_support/tagged_logging.rb:69:in `block in tagged'
activesupport (5.1.5) lib/active_support/tagged_logging.rb:26:in `tagged'
activesupport (5.1.5) lib/active_support/tagged_logging.rb:69:in `tagged'
railties (5.1.5) lib/rails/rack/logger.rb:24:in `call'
sprockets-rails (3.2.1) lib/sprockets/rails/quiet_assets.rb:13:in `call'
actionpack (5.1.5) lib/action_dispatch/middleware/remote_ip.rb:79:in `call'
actionpack (5.1.5) lib/action_dispatch/middleware/request_id.rb:25:in `call'
rack (2.0.6) lib/rack/method_override.rb:22:in `call'
rack (2.0.6) lib/rack/runtime.rb:22:in `call'
activesupport (5.1.5) lib/active_support/cache/strategy/local_cache_middleware.rb:27:in `call'
actionpack (5.1.5) lib/action_dispatch/middleware/executor.rb:12:in `call'
actionpack (5.1.5) lib/action_dispatch/middleware/static.rb:125:in `call'
rack (2.0.6) lib/rack/sendfile.rb:111:in `call'
railties (5.1.5) lib/rails/engine.rb:522:in `call'
puma (3.11.2) lib/puma/configuration.rb:225:in `call'
puma (3.11.2) lib/puma/server.rb:624:in `handle_request'
puma (3.11.2) lib/puma/server.rb:438:in `process_client'
puma (3.11.2) lib/puma/server.rb:302:in `block in run'
puma (3.11.2) lib/puma/thread_pool.rb:120:in `block in spawn_thread'
Started GET "/" for 127.0.0.1 at 2019-02-09 19:50:25 +0200
Processing by HomeController#index as HTML
  Rendering home/index.html.erb within layouts/application
  Rendered home/index.html.erb within layouts/application (1.2ms)
Completed 500 Internal Server Error in 4ms


  
SyntaxError (/home/jacques/sites/exodus/messy-blessings/app/views/home/index.html.erb:103: syntax error, unexpected ',', expecting ')'
mage_tag ('comparison/b1.png', alt: "") );@output_buffer.saf
                              ^
/home/jacques/sites/exodus/messy-blessings/app/views/home/index.html.erb:103: syntax error, unexpected ')', expecting keyword_end
comparison/b1.png', alt: "") );@output_buffer.safe_append='
                              ^):
  
app/views/home/index.html.erb:103: syntax error, unexpected ',', expecting ')'
app/views/home/index.html.erb:103: syntax error, unexpected ')', expecting keyword_end
Started GET "/" for 127.0.0.1 at 2019-02-09 19:51:05 +0200
Processing by HomeController#index as HTML
  Rendering home/index.html.erb within layouts/application
  Rendered home/index.html.erb within layouts/application (4074.4ms)
  Rendered layouts/_footer.html.erb (0.4ms)
Completed 200 OK in 4223ms (Views: 4222.2ms)


Started GET "/" for 127.0.0.1 at 2019-02-09 19:51:41 +0200
Processing by HomeController#index as HTML
  Rendering home/index.html.erb within layouts/application
  Rendered home/index.html.erb within layouts/application (7.8ms)
  Rendered layouts/_footer.html.erb (0.6ms)
Completed 200 OK in 71ms (Views: 69.2ms)


Started GET "/" for 127.0.0.1 at 2019-02-09 19:51:52 +0200
Processing by HomeController#index as HTML
  Rendering home/index.html.erb within layouts/application
  Rendered home/index.html.erb within layouts/application (10.2ms)
  Rendered layouts/_footer.html.erb (0.8ms)
Completed 200 OK in 106ms (Views: 104.0ms)


Started GET "/" for 127.0.0.1 at 2019-02-09 19:52:36 +0200
Processing by HomeController#index as HTML
  Rendering home/index.html.erb within layouts/application
  Rendered home/index.html.erb within layouts/application (7.2ms)
  Rendered layouts/_footer.html.erb (0.4ms)
Completed 200 OK in 98ms (Views: 96.0ms)


Started GET "/" for 127.0.0.1 at 2019-02-09 19:52:56 +0200
Processing by HomeController#index as HTML
  Rendering home/index.html.erb within layouts/application
  Rendered home/index.html.erb within layouts/application (7.3ms)
  Rendered layouts/_footer.html.erb (0.4ms)
Completed 200 OK in 63ms (Views: 61.6ms)


Started GET "/" for 127.0.0.1 at 2019-02-09 19:57:44 +0200
Processing by HomeController#index as HTML
  Rendering home/index.html.erb within layouts/application
  Rendered home/index.html.erb within layouts/application (7.5ms)
  Rendered layouts/_footer.html.erb (0.4ms)
Completed 200 OK in 70ms (Views: 68.6ms)


Started GET "/" for 127.0.0.1 at 2019-02-09 20:07:04 +0200
Processing by HomeController#index as HTML
  Rendering home/index.html.erb within layouts/application
  Rendered home/index.html.erb within layouts/application (5.5ms)
  Rendered layouts/_footer.html.erb (0.5ms)
Completed 500 Internal Server Error in 35ms


  
ActionView::Template::Error (couldn't find file 'jquery3' with type 'application/javascript'
Checked in these paths: 
  /home/jacques/sites/exodus/messy-blessings/app/assets/config
  /home/jacques/sites/exodus/messy-blessings/app/assets/images
  /home/jacques/sites/exodus/messy-blessings/app/assets/javascripts
  /home/jacques/sites/exodus/messy-blessings/app/assets/stylesheets
  /home/jacques/.rvm/gems/ruby-2.4.1/gems/font-awesome-rails-4.7.0.4/app/assets/fonts
  /home/jacques/.rvm/gems/ruby-2.4.1/gems/font-awesome-rails-4.7.0.4/app/assets/stylesheets
  /home/jacques/.rvm/gems/ruby-2.4.1/gems/coffee-rails-4.2.2/lib/assets/javascripts
  /home/jacques/.rvm/gems/ruby-2.4.1/gems/actioncable-5.1.5/lib/assets/compiled
  /home/jacques/.rvm/gems/ruby-2.4.1/gems/actionview-5.1.5/lib/assets/compiled
  /home/jacques/.rvm/gems/ruby-2.4.1/gems/turbolinks-source-5.1.0/lib/assets/javascripts
  /home/jacques/sites/exodus/messy-blessings/node_modules
  /home/jacques/.rvm/gems/ruby-2.4.1/gems/bootstrap-sass-3.3.7/assets/stylesheets
  /home/jacques/.rvm/gems/ruby-2.4.1/gems/bootstrap-sass-3.3.7/assets/javascripts
  /home/jacques/.rvm/gems/ruby-2.4.1/gems/bootstrap-sass-3.3.7/assets/fonts
  /home/jacques/.rvm/gems/ruby-2.4.1/gems/bootstrap-sass-3.3.7/assets/images):
    36:     <%= render 'layouts/footer' %>
    37: 
    38:     <!-- Javascripts -->
    39:     <%= javascript_include_tag 'application', 'data-turbolinks-track': 'reload' %>
    40: 
    41:     <!-- Bootstrap javaScript -->
    42:     <script src="https://cdnjs.cloudflare.com/ajax/libs/popper.js/1.14.0/umd/popper.min.js" integrity="sha384-cs/chFZiN24E4KMATLdqdvsezGxaGsi4hLGOzlXwp5UZB1LY//20VyM2taTB4QvJ" crossorigin="anonymous"></script>
  
app/assets/javascripts/application.js:20
app/views/layouts/application.html.erb:39:in `_app_views_layouts_application_html_erb___1268809350914360438_70269384359120'
Started GET "/" for 127.0.0.1 at 2019-02-09 20:07:30 +0200
Processing by HomeController#index as HTML
  Rendering home/index.html.erb within layouts/application
  Rendered home/index.html.erb within layouts/application (5427.0ms)
  Rendered layouts/_footer.html.erb (0.4ms)
Completed 200 OK in 5791ms (Views: 5599.5ms)


Started GET "/" for 127.0.0.1 at 2019-02-09 20:11:35 +0200
Processing by HomeController#index as HTML
  Rendering home/index.html.erb within layouts/application
  Rendered home/index.html.erb within layouts/application (10.2ms)
  Rendered layouts/_footer.html.erb (0.6ms)
Completed 200 OK in 195ms (Views: 194.0ms)


Started GET "/" for 127.0.0.1 at 2019-02-09 20:13:05 +0200
Processing by HomeController#index as HTML
  Rendering home/index.html.erb within layouts/application
  Rendered home/index.html.erb within layouts/application (6.8ms)
  Rendered layouts/_footer.html.erb (0.4ms)
Completed 200 OK in 62ms (Views: 60.4ms)


Started GET "/" for 127.0.0.1 at 2019-02-09 20:13:24 +0200
Processing by HomeController#index as HTML
  Rendering home/index.html.erb within layouts/application
  Rendered home/index.html.erb within layouts/application (6.6ms)
  Rendered layouts/_footer.html.erb (0.5ms)
Completed 200 OK in 78ms (Views: 76.7ms)


Started GET "/" for 127.0.0.1 at 2019-02-09 20:14:55 +0200
Processing by HomeController#index as HTML
  Rendering home/index.html.erb within layouts/application
  Rendered home/index.html.erb within layouts/application (6.4ms)
  Rendered layouts/_footer.html.erb (0.5ms)
Completed 200 OK in 68ms (Views: 67.4ms)


Started GET "/" for 127.0.0.1 at 2019-02-09 20:17:27 +0200
Processing by HomeController#index as HTML
  Rendering home/index.html.erb within layouts/application
  Rendered home/index.html.erb within layouts/application (6.2ms)
  Rendered layouts/_footer.html.erb (1.1ms)
Completed 200 OK in 4650ms (Views: 4648.4ms)


Started GET "/" for 127.0.0.1 at 2019-02-09 20:18:15 +0200
Processing by HomeController#index as HTML
  Rendering home/index.html.erb within layouts/application
  Rendered home/index.html.erb within layouts/application (8.1ms)
  Rendered layouts/_footer.html.erb (0.4ms)
Completed 200 OK in 147ms (Views: 145.9ms)


Started GET "/" for 127.0.0.1 at 2019-02-09 20:18:48 +0200
Processing by HomeController#index as HTML
  Rendering home/index.html.erb within layouts/application
  Rendered home/index.html.erb within layouts/application (7.7ms)
  Rendered layouts/_footer.html.erb (0.4ms)
Completed 200 OK in 66ms (Views: 64.2ms)


Started GET "/" for 127.0.0.1 at 2019-02-09 20:19:04 +0200
Processing by HomeController#index as HTML
  Rendering home/index.html.erb within layouts/application
  Rendered home/index.html.erb within layouts/application (5.6ms)
  Rendered layouts/_footer.html.erb (0.4ms)
Completed 200 OK in 68ms (Views: 66.6ms)


Started GET "/" for 127.0.0.1 at 2019-02-09 20:19:41 +0200
Processing by HomeController#index as HTML
  Rendering home/index.html.erb within layouts/application
  Rendered home/index.html.erb within layouts/application (1.4ms)
Completed 500 Internal Server Error in 5ms


  
SyntaxError (/home/jacques/sites/exodus/messy-blessings/app/views/home/index.html.erb:103: syntax error, unexpected keyword_class, expecting ')'
alt: "", size: '300x200' class: 'img-rounded') );@output_buf
                              ^
/home/jacques/sites/exodus/messy-blessings/app/views/home/index.html.erb:103: syntax error, unexpected ')', expecting keyword_end
0x200' class: 'img-rounded') );@output_buffer.safe_append='
                              ^
/home/jacques/sites/exodus/messy-blessings/app/views/home/index.html.erb:106: syntax error, unexpected keyword_class, expecting ')'
alt: "", size: '300x200' class: 'img-rounded') );@output_buf
                              ^
/home/jacques/sites/exodus/messy-blessings/app/views/home/index.html.erb:106: syntax error, unexpected ')', expecting keyword_end
0x200' class: 'img-rounded') );@output_buffer.safe_append='
                              ^):
  
app/views/home/index.html.erb:103: syntax error, unexpected keyword_class, expecting ')'
app/views/home/index.html.erb:103: syntax error, unexpected ')', expecting keyword_end
app/views/home/index.html.erb:106: syntax error, unexpected keyword_class, expecting ')'
app/views/home/index.html.erb:106: syntax error, unexpected ')', expecting keyword_end
Started GET "/" for 127.0.0.1 at 2019-02-09 20:19:52 +0200
Processing by HomeController#index as HTML
  Rendering home/index.html.erb within layouts/application
  Rendered home/index.html.erb within layouts/application (6.1ms)
  Rendered layouts/_footer.html.erb (0.8ms)
Completed 200 OK in 64ms (Views: 62.0ms)


Started GET "/" for 127.0.0.1 at 2019-02-09 20:20:36 +0200
Processing by HomeController#index as HTML
  Rendering home/index.html.erb within layouts/application
  Rendered home/index.html.erb within layouts/application (7.0ms)
  Rendered layouts/_footer.html.erb (0.4ms)
Completed 200 OK in 4452ms (Views: 4451.1ms)


Started GET "/" for 127.0.0.1 at 2019-02-09 20:21:04 +0200
Processing by HomeController#index as HTML
  Rendering home/index.html.erb within layouts/application
  Rendered home/index.html.erb within layouts/application (5.5ms)
  Rendered layouts/_footer.html.erb (0.4ms)
Completed 200 OK in 4431ms (Views: 4429.3ms)


Started GET "/" for 127.0.0.1 at 2019-02-09 20:24:55 +0200
Processing by HomeController#index as HTML
  Rendering home/index.html.erb within layouts/application
  Rendered home/index.html.erb within layouts/application (7.4ms)
  Rendered layouts/_footer.html.erb (0.6ms)
Completed 200 OK in 60ms (Views: 58.9ms)


Started GET "/" for 127.0.0.1 at 2019-02-09 20:28:04 +0200
Processing by HomeController#index as HTML
  Rendering home/index.html.erb within layouts/application
  Rendered home/index.html.erb within layouts/application (7.0ms)
  Rendered layouts/_footer.html.erb (0.5ms)
Completed 200 OK in 62ms (Views: 60.1ms)


Started GET "/" for 127.0.0.1 at 2019-02-09 20:28:12 +0200
Processing by HomeController#index as HTML
  Rendering home/index.html.erb within layouts/application
  Rendered home/index.html.erb within layouts/application (6.0ms)
  Rendered layouts/_footer.html.erb (0.4ms)
Completed 200 OK in 59ms (Views: 57.4ms)


Started GET "/" for 127.0.0.1 at 2019-02-09 20:32:42 +0200
Processing by HomeController#index as HTML
  Rendering home/index.html.erb within layouts/application
  Rendered home/index.html.erb within layouts/application (92.2ms)
  Rendered layouts/_footer.html.erb (0.5ms)
Completed 200 OK in 150ms (Views: 149.2ms)


Started GET "/" for 127.0.0.1 at 2019-02-09 20:33:29 +0200
Processing by HomeController#index as HTML
  Rendering home/index.html.erb within layouts/application
  Rendered home/index.html.erb within layouts/application (7.4ms)
  Rendered layouts/_footer.html.erb (0.4ms)
Completed 200 OK in 62ms (Views: 61.2ms)


Started GET "/" for 127.0.0.1 at 2019-02-09 20:34:43 +0200
Processing by HomeController#index as HTML
  Rendering home/index.html.erb within layouts/application
  Rendered home/index.html.erb within layouts/application (6.9ms)
  Rendered layouts/_footer.html.erb (0.4ms)
Completed 200 OK in 63ms (Views: 61.8ms)


Started GET "/" for 127.0.0.1 at 2019-02-09 20:41:08 +0200
Processing by HomeController#index as HTML
  Rendering home/index.html.erb within layouts/application
  Rendered home/index.html.erb within layouts/application (51.1ms)
  Rendered layouts/_footer.html.erb (0.5ms)
Completed 200 OK in 118ms (Views: 116.4ms)


Started GET "/" for 127.0.0.1 at 2019-02-09 20:41:25 +0200
Processing by HomeController#index as HTML
  Rendering home/index.html.erb within layouts/application
  Rendered home/index.html.erb within layouts/application (11.0ms)
  Rendered layouts/_footer.html.erb (0.6ms)
Completed 200 OK in 70ms (Views: 68.3ms)


Started GET "/" for 127.0.0.1 at 2019-02-09 20:53:08 +0200
Processing by HomeController#index as HTML
  Rendering home/index.html.erb within layouts/application
  Rendered home/index.html.erb within layouts/application (9.9ms)
  Rendered layouts/_footer.html.erb (0.5ms)
Completed 200 OK in 64ms (Views: 62.8ms)


Started GET "/" for 127.0.0.1 at 2019-02-09 20:54:20 +0200
Processing by HomeController#index as HTML
  Rendering home/index.html.erb within layouts/application
  Rendered home/index.html.erb within layouts/application (10.0ms)
  Rendered layouts/_footer.html.erb (0.4ms)
Completed 200 OK in 66ms (Views: 64.5ms)


Started GET "/" for 127.0.0.1 at 2019-02-09 20:55:39 +0200
Processing by HomeController#index as HTML
  Rendering home/index.html.erb within layouts/application
  Rendered home/index.html.erb within layouts/application (9.9ms)
  Rendered layouts/_footer.html.erb (0.4ms)
Completed 200 OK in 63ms (Views: 61.9ms)


Started GET "/" for 127.0.0.1 at 2019-02-09 20:56:18 +0200
Processing by HomeController#index as HTML
  Rendering home/index.html.erb within layouts/application
  Rendered home/index.html.erb within layouts/application (13.5ms)
  Rendered layouts/_footer.html.erb (0.4ms)
Completed 200 OK in 69ms (Views: 67.5ms)


Started GET "/" for 127.0.0.1 at 2019-02-09 21:05:02 +0200
Processing by HomeController#index as HTML
  Rendering home/index.html.erb within layouts/application
  Rendered home/index.html.erb within layouts/application (8.8ms)
  Rendered layouts/_footer.html.erb (0.5ms)
Completed 200 OK in 64ms (Views: 62.7ms)


Started GET "/" for 127.0.0.1 at 2019-02-09 21:12:01 +0200
Processing by HomeController#index as HTML
  Rendering home/index.html.erb within layouts/application
  Rendered home/index.html.erb within layouts/application (8.6ms)
  Rendered layouts/_footer.html.erb (0.4ms)
Completed 200 OK in 77ms (Views: 76.4ms)


Started GET "/" for 127.0.0.1 at 2019-02-09 21:17:39 +0200
Processing by HomeController#index as HTML
  Rendering home/index.html.erb within layouts/application
  Rendered home/index.html.erb within layouts/application (9.3ms)
  Rendered layouts/_footer.html.erb (0.5ms)
Completed 200 OK in 64ms (Views: 63.3ms)


Started GET "/" for 127.0.0.1 at 2019-02-09 21:17:57 +0200
Processing by HomeController#index as HTML
  Rendering home/index.html.erb within layouts/application
  Rendered home/index.html.erb within layouts/application (10.8ms)
  Rendered layouts/_footer.html.erb (0.5ms)
Completed 200 OK in 68ms (Views: 66.5ms)


